0.000 1 arrives
0.000 1 serves by 1
0.314 2 arrives
0.314 2 serves by self-check 2
1.000 1 done serving by 1
1.205 3 arrives
1.205 3 serves by 1
1.314 2 done serving by self-check 2
2.205 3 done serving by 1
2.776 4 arrives
2.776 4 serves by self-check 2
3.776 4 done serving by self-check 2
3.877 5 arrives
3.877 5 serves by self-check 2
3.910 6 arrives
3.910 6 serves by self-check 3
4.877 5 done serving by self-check 2
4.910 6 done serving by self-check 3
9.006 7 arrives
9.006 7 serves by 1
9.043 8 arrives
9.043 8 serves by self-check 2
9.105 9 arrives
9.105 9 serves by self-check 3
9.160 10 arrives
9.160 10 waits at 1
10.006 7 done serving by 1
10.043 8 done serving by self-check 2
10.105 9 done serving by self-check 3
10.854 10 serves by 1
11.854 10 done serving by 1
[0.169 10 0]